<?xml version="1.0" encoding="UTF-8"?>
<testng-results ignored="0" total="7" passed="6" failed="1" skipped="0">
  <reporter-output>
  </reporter-output>
  <suite started-at="2020-06-10T09:02:11Z" name="Test Suite" finished-at="2020-06-10T09:03:08Z" duration-ms="57446">
    <groups>
    </groups>
    <test started-at="2020-06-10T09:02:11Z" name="Test Suite" finished-at="2020-06-10T09:03:08Z" duration-ms="57446">
      <class name="phptravelstests.TestSuites">
        <test-method signature="validateAccountPage()[pri:0, instance:phptravelstests.TestSuites@4fb3ee4e]" started-at="2020-06-10T09:02:31Z" name="validateAccountPage" finished-at="2020-06-10T09:02:37Z" duration-ms="5753" status="PASS">
          <reporter-output>
          </reporter-output>
        </test-method> <!-- validateAccountPage -->
      </class> <!-- phptravelstests.TestSuites -->
      <class name="phptravelstests.TestAccountPageLinks">
        <test-method is-config="true" signature="setup()[pri:0, instance:phptravelstests.TestAccountPageLinks@5d7148e2]" started-at="2020-06-10T09:02:11Z" name="setup" finished-at="2020-06-10T09:02:21Z" duration-ms="10196" status="PASS">
          <reporter-output>
          </reporter-output>
        </test-method> <!-- setup -->
        <test-method is-config="true" signature="setup()[pri:0, instance:phptravelstests.TestSuites@4fb3ee4e]" started-at="2020-06-10T09:02:21Z" name="setup" finished-at="2020-06-10T09:02:31Z" duration-ms="9871" status="PASS">
          <reporter-output>
          </reporter-output>
        </test-method> <!-- setup -->
        <test-method signature="validateAboutUsLink()[pri:0, instance:phptravelstests.TestAccountPageLinks@5d7148e2]" started-at="2020-06-10T09:02:37Z" name="validateAboutUsLink" finished-at="2020-06-10T09:02:38Z" duration-ms="1141" status="FAIL">
          <exception class="org.openqa.selenium.WebDriverException">
            <message>
              <![CDATA[element click intercepted: Element <a href="https://www.phptravels.net/About-Us" target="" title="">...</a> is not clickable at point (540, 700). Other element would receive the click: <span id="cookieconsent:desc" class="cc-message">...</span>
  (Session info: chrome=83.0.4103.97)
Build info: version: '3.4.0', revision: 'unknown', time: 'unknown'
System info: host: 'DESKTOP-V1QBTN0', ip: '192.168.1.15', os.name: 'Windows 10', os.arch: 'amd64', os.version: '10.0', java.version: '12.0.1'
Driver info: org.openqa.selenium.chrome.ChromeDriver
Capabilities [{networkConnectionEnabled=false, chrome={chromedriverVersion=83.0.4103.39 (ccbf011cb2d2b19b506d844400483861342c20cd-refs/branch-heads/4103@{#416}), userDataDir=C:\Users\user\AppData\Local\Temp\scoped_dir11340_2080553944}, timeouts={implicit=0.0, pageLoad=300000.0, script=30000.0}, pageLoadStrategy=normal, unhandledPromptBehavior=dismiss and notify, strictFileInteractability=false, platform=ANY, proxy=Proxy(), goog:chromeOptions={debuggerAddress=localhost:51748}, acceptInsecureCerts=false, browserVersion=83.0.4103.97, browserName=chrome, javascriptEnabled=true, platformName=windows, setWindowRect=true, webauthn:virtualAuthenticators=true}]
Session ID: ec1dfd6a73eb51acde7eb0dcd7cf8fab]]>
            </message>
            <full-stacktrace>
              <![CDATA[org.openqa.selenium.WebDriverException: element click intercepted: Element <a href="https://www.phptravels.net/About-Us" target="" title="">...</a> is not clickable at point (540, 700). Other element would receive the click: <span id="cookieconsent:desc" class="cc-message">...</span>
  (Session info: chrome=83.0.4103.97)
Build info: version: '3.4.0', revision: 'unknown', time: 'unknown'
System info: host: 'DESKTOP-V1QBTN0', ip: '192.168.1.15', os.name: 'Windows 10', os.arch: 'amd64', os.version: '10.0', java.version: '12.0.1'
Driver info: org.openqa.selenium.chrome.ChromeDriver
Capabilities [{networkConnectionEnabled=false, chrome={chromedriverVersion=83.0.4103.39 (ccbf011cb2d2b19b506d844400483861342c20cd-refs/branch-heads/4103@{#416}), userDataDir=C:\Users\user\AppData\Local\Temp\scoped_dir11340_2080553944}, timeouts={implicit=0.0, pageLoad=300000.0, script=30000.0}, pageLoadStrategy=normal, unhandledPromptBehavior=dismiss and notify, strictFileInteractability=false, platform=ANY, proxy=Proxy(), goog:chromeOptions={debuggerAddress=localhost:51748}, acceptInsecureCerts=false, browserVersion=83.0.4103.97, browserName=chrome, javascriptEnabled=true, platformName=windows, setWindowRect=true, webauthn:virtualAuthenticators=true}]
Session ID: ec1dfd6a73eb51acde7eb0dcd7cf8fab
at java.base/jdk.internal.reflect.NativeConstructorAccessorImpl.newInstance0(Native Method)
at java.base/jdk.internal.reflect.NativeConstructorAccessorImpl.newInstance(NativeConstructorAccessorImpl.java:62)
at java.base/jdk.internal.reflect.DelegatingConstructorAccessorImpl.newInstance(DelegatingConstructorAccessorImpl.java:45)
at java.base/java.lang.reflect.Constructor.newInstanceWithCaller(Constructor.java:500)
at java.base/java.lang.reflect.Constructor.newInstance(Constructor.java:481)
at org.openqa.selenium.remote.http.W3CHttpResponseCodec.createException(W3CHttpResponseCodec.java:150)
at org.openqa.selenium.remote.http.W3CHttpResponseCodec.decode(W3CHttpResponseCodec.java:115)
at org.openqa.selenium.remote.http.W3CHttpResponseCodec.decode(W3CHttpResponseCodec.java:45)
at org.openqa.selenium.remote.HttpCommandExecutor.execute(HttpCommandExecutor.java:164)
at org.openqa.selenium.remote.service.DriverCommandExecutor.execute(DriverCommandExecutor.java:82)
at org.openqa.selenium.remote.RemoteWebDriver.execute(RemoteWebDriver.java:637)
at org.openqa.selenium.remote.RemoteWebElement.execute(RemoteWebElement.java:272)
at org.openqa.selenium.remote.RemoteWebElement.click(RemoteWebElement.java:82)
at phptravels.AccountPage.clickOnFooterElement(AccountPage.java:65)
at phptravelstests.TestAccountPageLinks.validateAboutUsLink(TestAccountPageLinks.java:112)
at java.base/jdk.internal.reflect.NativeMethodAccessorImpl.invoke0(Native Method)
at java.base/jdk.internal.reflect.NativeMethodAccessorImpl.invoke(NativeMethodAccessorImpl.java:62)
at java.base/jdk.internal.reflect.DelegatingMethodAccessorImpl.invoke(DelegatingMethodAccessorImpl.java:43)
at java.base/java.lang.reflect.Method.invoke(Method.java:567)
at org.testng.internal.MethodInvocationHelper.invokeMethod(MethodInvocationHelper.java:124)
at org.testng.internal.Invoker.invokeMethod(Invoker.java:580)
at org.testng.internal.Invoker.invokeTestMethod(Invoker.java:716)
at org.testng.internal.Invoker.invokeTestMethods(Invoker.java:988)
at org.testng.internal.TestMethodWorker.invokeTestMethods(TestMethodWorker.java:125)
at org.testng.internal.TestMethodWorker.run(TestMethodWorker.java:109)
at org.testng.TestRunner.privateRun(TestRunner.java:648)
at org.testng.TestRunner.run(TestRunner.java:505)
at org.testng.SuiteRunner.runTest(SuiteRunner.java:455)
at org.testng.SuiteRunner.runSequentially(SuiteRunner.java:450)
at org.testng.SuiteRunner.privateRun(SuiteRunner.java:415)
at org.testng.SuiteRunner.run(SuiteRunner.java:364)
at org.testng.SuiteRunnerWorker.runSuite(SuiteRunnerWorker.java:52)
at org.testng.SuiteRunnerWorker.run(SuiteRunnerWorker.java:84)
at org.testng.TestNG.runSuitesSequentially(TestNG.java:1208)
at org.testng.TestNG.runSuitesLocally(TestNG.java:1137)
at org.testng.TestNG.runSuites(TestNG.java:1049)
at org.testng.TestNG.run(TestNG.java:1017)
at com.intellij.rt.testng.IDEARemoteTestNG.run(IDEARemoteTestNG.java:66)
at com.intellij.rt.testng.RemoteTestNGStarter.main(RemoteTestNGStarter.java:110)
]]>
            </full-stacktrace>
          </exception> <!-- org.openqa.selenium.WebDriverException -->
          <reporter-output>
          </reporter-output>
        </test-method> <!-- validateAboutUsLink -->
        <test-method signature="validateBookingTipsLink()[pri:0, instance:phptravelstests.TestAccountPageLinks@5d7148e2]" started-at="2020-06-10T09:02:38Z" name="validateBookingTipsLink" finished-at="2020-06-10T09:02:42Z" duration-ms="3653" status="PASS">
          <reporter-output>
          </reporter-output>
        </test-method> <!-- validateBookingTipsLink -->
        <test-method signature="validateContactLink()[pri:0, instance:phptravelstests.TestAccountPageLinks@5d7148e2]" started-at="2020-06-10T09:02:42Z" name="validateContactLink" finished-at="2020-06-10T09:02:45Z" duration-ms="3215" status="PASS">
          <reporter-output>
          </reporter-output>
        </test-method> <!-- validateContactLink -->
        <test-method signature="validateHowToBookLink()[pri:0, instance:phptravelstests.TestAccountPageLinks@5d7148e2]" started-at="2020-06-10T09:02:45Z" name="validateHowToBookLink" finished-at="2020-06-10T09:02:48Z" duration-ms="3532" status="PASS">
          <reporter-output>
          </reporter-output>
        </test-method> <!-- validateHowToBookLink -->
        <test-method signature="validateLoginLink()[pri:0, instance:phptravelstests.TestAccountPageLinks@5d7148e2]" started-at="2020-06-10T09:02:48Z" name="validateLoginLink" finished-at="2020-06-10T09:02:51Z" duration-ms="2318" status="PASS">
          <reporter-output>
          </reporter-output>
        </test-method> <!-- validateLoginLink -->
        <test-method signature="validateSignUpLink()[pri:0, instance:phptravelstests.TestAccountPageLinks@5d7148e2]" started-at="2020-06-10T09:02:51Z" name="validateSignUpLink" finished-at="2020-06-10T09:02:53Z" duration-ms="2279" status="PASS">
          <reporter-output>
          </reporter-output>
        </test-method> <!-- validateSignUpLink -->
        <test-method is-config="true" signature="cleanup()[pri:0, instance:phptravelstests.TestAccountPageLinks@5d7148e2]" started-at="2020-06-10T09:02:53Z" name="cleanup" finished-at="2020-06-10T09:02:59Z" duration-ms="5729" status="PASS">
          <reporter-output>
          </reporter-output>
        </test-method> <!-- cleanup -->
        <test-method is-config="true" signature="cleanup()[pri:0, instance:phptravelstests.TestSuites@4fb3ee4e]" started-at="2020-06-10T09:02:59Z" name="cleanup" finished-at="2020-06-10T09:03:08Z" duration-ms="9729" status="PASS">
          <reporter-output>
          </reporter-output>
        </test-method> <!-- cleanup -->
      </class> <!-- phptravelstests.TestAccountPageLinks -->
    </test> <!-- Test Suite -->
  </suite> <!-- Test Suite -->
</testng-results>
